18:07:47 **** Build of configuration Release for project BlinkBlink ****
make all 
Building file: ../main.c
Invoking: AVR Compiler
avr-gcc -Wall -Os -fpack-struct -fshort-enums -ffunction-sections -fdata-sections -std=gnu99 -funsigned-char -funsigned-bitfields -mmcu=atmega16 -DF_CPU=1000000UL -MMD -MP -MF"main.d" -MT"main.o" -c -o "main.o" "../main.c"
Finished building: ../main.c
 
Building target: BlinkBlink.elf
Invoking: AVR C Linker
avr-gcc -Wl,-Map,BlinkBlink.map -mmcu=atmega16 -o "BlinkBlink.elf"  ./main.o   
Finished building target: BlinkBlink.elf
 
Invoking: AVR Create Extended Listing
avr-objdump -h -S BlinkBlink.elf  >"BlinkBlink.lss"
Finished building: BlinkBlink.lss
 
Create Flash image (ihex format)
avr-objcopy -R .eeprom -R .fuse -R .lock -R .signature -O ihex BlinkBlink.elf  "BlinkBlink.hex"
Finished building: BlinkBlink.hex
 
Create eeprom image (ihex format)
avr-objcopy -j .eeprom --no-change-warnings --change-section-lma .eeprom=0 -O ihex BlinkBlink.elf  "BlinkBlink.eep"
Finished building: BlinkBlink.eep
 
Invoking: Print Size
avr-size --format=avr --mcu=atmega16 BlinkBlink.elf
AVR Memory Usage
----------------
Device: atmega16

Program:     162 bytes (1.0% Full)
(.text + .data + .bootloader)

Data:          0 bytes (0.0% Full)
(.data + .bss + .noinit)


Finished building: sizedummy
 
18:34:01 **** Incremental Build of configuration Release for project BlinkBlink ****
make all 
Invoking: Print Size
avr-size --format=avr --mcu=atmega16 BlinkBlink.elf
AVR Memory Usage
----------------
Device: atmega16

Program:     162 bytes (1.0% Full)
(.text + .data + .bootloader)

Data:          0 bytes (0.0% Full)
(.data + .bss + .noinit)


Finished building: sizedummy
 
18:35:45 **** Incremental Build of configuration Release for project BlinkBlink ****
make all 
Invoking: Print Size
avr-size --format=avr --mcu=atmega16 BlinkBlink.elf
AVR Memory Usage
----------------
Device: atmega16

Program:     162 bytes (1.0% Full)
(.text + .data + .bootloader)

Data:          0 bytes (0.0% Full)
(.data + .bss + .noinit)


Finished building: sizedummy
 
18:37:05 **** Incremental Build of configuration Release for project BlinkBlink ****
make all 
Invoking: Print Size
avr-size --format=avr --mcu=atmega16 BlinkBlink.elf
AVR Memory Usage
----------------
Device: atmega16

Program:     162 bytes (1.0% Full)
(.text + .data + .bootloader)

Data:          0 bytes (0.0% Full)
(.data + .bss + .noinit)


Finished building: sizedummy
 
18:38:11 **** Incremental Build of configuration Release for project BlinkBlink ****
make all 
Invoking: Print Size
avr-size --format=avr --mcu=atmega16 BlinkBlink.elf
AVR Memory Usage
----------------
Device: atmega16

Program:     162 bytes (1.0% Full)
(.text + .data + .bootloader)

Data:          0 bytes (0.0% Full)
(.data + .bss + .noinit)


Finished building: sizedummy
 
18:41:54 **** Clean-only build of configuration Release for project BlinkBlink ****
make clean 
rm -rf  BlinkBlink.hex  ./main.o  BlinkBlink.eep  sizedummy  BlinkBlink.lss  ./main.d  BlinkBlink.elf
 
18:41:55 **** Incremental Build of configuration Release for project BlinkBlink ****
make all 
Building file: ../main.c
Invoking: AVR Compiler
avr-gcc -Wall -Os -fpack-struct -fshort-enums -ffunction-sections -fdata-sections -std=gnu99 -funsigned-char -funsigned-bitfields -mmcu=atmega328p -DF_CPU=16000000UL -MMD -MP -MF"main.d" -MT"main.o" -c -o "main.o" "../main.c"
Finished building: ../main.c
 
Building target: BlinkBlink.elf
Invoking: AVR C Linker
avr-gcc -Wl,-Map,BlinkBlink.map -mmcu=atmega328p -o "BlinkBlink.elf"  ./main.o   
Finished building target: BlinkBlink.elf
 
Invoking: AVR Create Extended Listing
avr-objdump -h -S BlinkBlink.elf  >"BlinkBlink.lss"
Finished building: BlinkBlink.lss
 
Create Flash image (ihex format)
avr-objcopy -R .eeprom -R .fuse -R .lock -R .signature -O ihex BlinkBlink.elf  "BlinkBlink.hex"
Finished building: BlinkBlink.hex
 
Create eeprom image (ihex format)
avr-objcopy -j .eeprom --no-change-warnings --change-section-lma .eeprom=0 -O ihex BlinkBlink.elf  "BlinkBlink.eep"
Finished building: BlinkBlink.eep
 
Invoking: Print Size
avr-size --format=avr --mcu=atmega328p BlinkBlink.elf
AVR Memory Usage
----------------
Device: atmega328p

Program:     182 bytes (0.6% Full)
(.text + .data + .bootloader)

Data:          0 bytes (0.0% Full)
(.data + .bss + .noinit)


Finished building: sizedummy
 
18:46:30 **** Incremental Build of configuration Release for project BlinkBlink ****
make all 
Invoking: Print Size
avr-size --format=avr --mcu=atmega328p BlinkBlink.elf
AVR Memory Usage
----------------
Device: atmega328p

Program:     182 bytes (0.6% Full)
(.text + .data + .bootloader)

Data:          0 bytes (0.0% Full)
(.data + .bss + .noinit)


Finished building: sizedummy
 
18:47:44 **** Incremental Build of configuration Release for project BlinkBlink ****
make all 
Invoking: Print Size
avr-size --format=avr --mcu=atmega328p BlinkBlink.elf
AVR Memory Usage
----------------
Device: atmega328p

Program:     182 bytes (0.6% Full)
(.text + .data + .bootloader)

Data:          0 bytes (0.0% Full)
(.data + .bss + .noinit)


Finished building: sizedummy
 
19:01:01 **** Incremental Build of configuration Release for project BlinkBlink ****
make all 
Invoking: Print Size
avr-size --format=avr --mcu=atmega328p BlinkBlink.elf
AVR Memory Usage
----------------
Device: atmega328p

Program:     182 bytes (0.6% Full)
(.text + .data + .bootloader)

Data:          0 bytes (0.0% Full)
(.data + .bss + .noinit)


Finished building: sizedummy
 
19:03:15 **** Incremental Build of configuration Release for project BlinkBlink ****
make all 
Invoking: Print Size
avr-size --format=avr --mcu=atmega328p BlinkBlink.elf
AVR Memory Usage
----------------
Device: atmega328p

Program:     182 bytes (0.6% Full)
(.text + .data + .bootloader)

Data:          0 bytes (0.0% Full)
(.data + .bss + .noinit)


Finished building: sizedummy
 
19:04:24 **** Incremental Build of configuration Release for project BlinkBlink ****
make all 
Invoking: Print Size
avr-size --format=avr --mcu=atmega328p BlinkBlink.elf
AVR Memory Usage
----------------
Device: atmega328p

Program:     182 bytes (0.6% Full)
(.text + .data + .bootloader)

Data:          0 bytes (0.0% Full)
(.data + .bss + .noinit)


Finished building: sizedummy
 
19:05:02 **** Incremental Build of configuration Release for project BlinkBlink ****
make all 
Invoking: Print Size
avr-size --format=avr --mcu=atmega328p BlinkBlink.elf
AVR Memory Usage
----------------
Device: atmega328p

Program:     182 bytes (0.6% Full)
(.text + .data + .bootloader)

Data:          0 bytes (0.0% Full)
(.data + .bss + .noinit)


Finished building: sizedummy
 
22:32:16 **** Incremental Build of configuration Release for project BlinkBlink ****
make all 
Invoking: Print Size
avr-size --format=avr --mcu=atmega328p BlinkBlink.elf
AVR Memory Usage
----------------
Device: atmega328p

Program:     182 bytes (0.6% Full)
(.text + .data + .bootloader)

Data:          0 bytes (0.0% Full)
(.data + .bss + .noinit)


Finished building: sizedummy
 
22:33:02 **** Incremental Build of configuration Release for project BlinkBlink ****
make all 
Building file: ../main.c
Invoking: AVR Compiler
avr-gcc -Wall -Os -fpack-struct -fshort-enums -ffunction-sections -fdata-sections -std=gnu99 -funsigned-char -funsigned-bitfields -mmcu=atmega328p -DF_CPU=16000000UL -MMD -MP -MF"main.d" -MT"main.o" -c -o "main.o" "../main.c"
../main.c:5:0: warning: "PB5" redefined
 #define PB5 5
 ^
In file included from /usr/lib/avr/include/avr/io.h:627:0,
                 from ../main.c:2:
/usr/lib/avr/include/avr/portpins.h:149:0: note: this is the location of the previous definition
 #  define PB5 PORTB5
 ^
Finished building: ../main.c
 
Building target: BlinkBlink.elf
Invoking: AVR C Linker
avr-gcc -Wl,-Map,BlinkBlink.map -mmcu=atmega328p -o "BlinkBlink.elf"  ./main.o   
Finished building target: BlinkBlink.elf
 
Invoking: AVR Create Extended Listing
avr-objdump -h -S BlinkBlink.elf  >"BlinkBlink.lss"
Finished building: BlinkBlink.lss
 
Create Flash image (ihex format)
avr-objcopy -R .eeprom -R .fuse -R .lock -R .signature -O ihex BlinkBlink.elf  "BlinkBlink.hex"
Finished building: BlinkBlink.hex
 
Create eeprom image (ihex format)
avr-objcopy -j .eeprom --no-change-warnings --change-section-lma .eeprom=0 -O ihex BlinkBlink.elf  "BlinkBlink.eep"
Finished building: BlinkBlink.eep
 
Invoking: Print Size
avr-size --format=avr --mcu=atmega328p BlinkBlink.elf
AVR Memory Usage
----------------
Device: atmega328p

Program:     190 bytes (0.6% Full)
(.text + .data + .bootloader)

Data:          0 bytes (0.0% Full)
(.data + .bss + .noinit)


Finished building: sizedummy
 
22:33:26 **** Incremental Build of configuration Release for project BlinkBlink ****
make all 
Building file: ../main.c
Invoking: AVR Compiler
avr-gcc -Wall -Os -fpack-struct -fshort-enums -ffunction-sections -fdata-sections -std=gnu99 -funsigned-char -funsigned-bitfields -mmcu=atmega328p -DF_CPU=16000000UL -MMD -MP -MF"main.d" -MT"main.o" -c -o "main.o" "../main.c"
../main.c:5:0: warning: "PB5" redefined
 #define PB5 5
 ^
In file included from /usr/lib/avr/include/avr/io.h:627:0,
                 from ../main.c:2:
/usr/lib/avr/include/avr/portpins.h:149:0: note: this is the location of the previous definition
 #  define PB5 PORTB5
 ^
Finished building: ../main.c
 
Building target: BlinkBlink.elf
Invoking: AVR C Linker
avr-gcc -Wl,-Map,BlinkBlink.map -mmcu=atmega328p -o "BlinkBlink.elf"  ./main.o   
Finished building target: BlinkBlink.elf
 
Invoking: AVR Create Extended Listing
avr-objdump -h -S BlinkBlink.elf  >"BlinkBlink.lss"
Finished building: BlinkBlink.lss
 
Create Flash image (ihex format)
avr-objcopy -R .eeprom -R .fuse -R .lock -R .signature -O ihex BlinkBlink.elf  "BlinkBlink.hex"
Finished building: BlinkBlink.hex
 
Create eeprom image (ihex format)
avr-objcopy -j .eeprom --no-change-warnings --change-section-lma .eeprom=0 -O ihex BlinkBlink.elf  "BlinkBlink.eep"
Finished building: BlinkBlink.eep
 
Invoking: Print Size
avr-size --format=avr --mcu=atmega328p BlinkBlink.elf
AVR Memory Usage
----------------
Device: atmega328p

Program:     192 bytes (0.6% Full)
(.text + .data + .bootloader)

Data:          0 bytes (0.0% Full)
(.data + .bss + .noinit)


Finished building: sizedummy
 
22:45:55 **** Incremental Build of configuration Release for project BlinkBlink ****
make all 
Building file: ../main.c
Invoking: AVR Compiler
avr-gcc -Wall -Os -fpack-struct -fshort-enums -ffunction-sections -fdata-sections -std=gnu99 -funsigned-char -funsigned-bitfields -mmcu=atmega328p -DF_CPU=16000000UL -MMD -MP -MF"main.d" -MT"main.o" -c -o "main.o" "../main.c"
../main.c:5:0: warning: "PB5" redefined
 #define PB5 5
 ^
In file included from /usr/lib/avr/include/avr/io.h:627:0,
                 from ../main.c:2:
/usr/lib/avr/include/avr/portpins.h:149:0: note: this is the location of the previous definition
 #  define PB5 PORTB5
 ^
Finished building: ../main.c
 
Building file: ../uartxchange.c
Invoking: AVR Compiler
avr-gcc -Wall -Os -fpack-struct -fshort-enums -ffunction-sections -fdata-sections -std=gnu99 -funsigned-char -funsigned-bitfields -mmcu=atmega328p -DF_CPU=16000000UL -MMD -MP -MF"uartxchange.d" -MT"uartxchange.o" -c -o "uartxchange.o" "../uartxchange.c"
Finished building: ../uartxchange.c
 
Building target: BlinkBlink.elf
Invoking: AVR C Linker
avr-gcc -Wl,-Map,BlinkBlink.map -mmcu=atmega328p -o "BlinkBlink.elf"  ./main.o ./uartxchange.o   
Finished building target: BlinkBlink.elf
 
Invoking: AVR Create Extended Listing
avr-objdump -h -S BlinkBlink.elf  >"BlinkBlink.lss"
Finished building: BlinkBlink.lss
 
Create Flash image (ihex format)
avr-objcopy -R .eeprom -R .fuse -R .lock -R .signature -O ihex BlinkBlink.elf  "BlinkBlink.hex"
Finished building: BlinkBlink.hex
 
Create eeprom image (ihex format)
avr-objcopy -j .eeprom --no-change-warnings --change-section-lma .eeprom=0 -O ihex BlinkBlink.elf  "BlinkBlink.eep"
Finished building: BlinkBlink.eep
 
Invoking: Print Size
avr-size --format=avr --mcu=atmega328p BlinkBlink.elf
AVR Memory Usage
----------------
Device: atmega328p

Program:     192 bytes (0.6% Full)
(.text + .data + .bootloader)

Data:          0 bytes (0.0% Full)
(.data + .bss + .noinit)


Finished building: sizedummy
 
22:45:59 **** Incremental Build of configuration Release for project BlinkBlink ****
make all 
Building file: ../uartxchange.c
Invoking: AVR Compiler
avr-gcc -Wall -Os -fpack-struct -fshort-enums -ffunction-sections -fdata-sections -std=gnu99 -funsigned-char -funsigned-bitfields -mmcu=atmega328p -DF_CPU=16000000UL -MMD -MP -MF"uartxchange.d" -MT"uartxchange.o" -c -o "uartxchange.o" "../uartxchange.c"
../uartxchange.c:1:3: error: expected identifier or ‘(’ before ‘/’ token
  */
   ^
../uartxchange.c:29:1: error: unknown type name ‘uint8_t’
 uint8_t uart_getc(void)
 ^
../uartxchange.c: In function ‘uart_getc’:
../uartxchange.c:31:14: error: ‘UCSR0A’ undeclared (first use in this function)
     while (!(UCSR0A & (1<<RXC0)))   // wait until symbol is ready
              ^
../uartxchange.c:31:14: note: each undeclared identifier is reported only once for each function it appears in
../uartxchange.c:31:27: error: ‘RXC0’ undeclared (first use in this function)
     while (!(UCSR0A & (1<<RXC0)))   // wait until symbol is ready
                           ^
../uartxchange.c:33:12: error: ‘UDR0’ undeclared (first use in this function)
     return UDR0;                    // return symbol
            ^
../uartxchange.c: In function ‘pwm_init’:
../uartxchange.c:37:2: error: ‘TCCR2A’ undeclared (first use in this function)
  TCCR2A = (1<<COM2B1)|(1<<COM2B0)|(1<<WGM21)|(1<<WGM20)|(0<<CS22)|(0<<CS21)|(1<<CS20);
  ^
../uartxchange.c:37:15: error: ‘COM2B1’ undeclared (first use in this function)
  TCCR2A = (1<<COM2B1)|(1<<COM2B0)|(1<<WGM21)|(1<<WGM20)|(0<<CS22)|(0<<CS21)|(1<<CS20);
               ^
../uartxchange.c:37:27: error: ‘COM2B0’ undeclared (first use in this function)
  TCCR2A = (1<<COM2B1)|(1<<COM2B0)|(1<<WGM21)|(1<<WGM20)|(0<<CS22)|(0<<CS21)|(1<<CS20);
                           ^
../uartxchange.c:37:39: error: ‘WGM21’ undeclared (first use in this function)
  TCCR2A = (1<<COM2B1)|(1<<COM2B0)|(1<<WGM21)|(1<<WGM20)|(0<<CS22)|(0<<CS21)|(1<<CS20);
                                       ^
../uartxchange.c:37:50: error: ‘WGM20’ undeclared (first use in this function)
  TCCR2A = (1<<COM2B1)|(1<<COM2B0)|(1<<WGM21)|(1<<WGM20)|(0<<CS22)|(0<<CS21)|(1<<CS20);
                                                  ^
../uartxchange.c:37:61: error: ‘CS22’ undeclared (first use in this function)
  TCCR2A = (1<<COM2B1)|(1<<COM2B0)|(1<<WGM21)|(1<<WGM20)|(0<<CS22)|(0<<CS21)|(1<<CS20);
                                                             ^
../uartxchange.c:37:71: error: ‘CS21’ undeclared (first use in this function)
  TCCR2A = (1<<COM2B1)|(1<<COM2B0)|(1<<WGM21)|(1<<WGM20)|(0<<CS22)|(0<<CS21)|(1<<CS20);
                                                                       ^
../uartxchange.c:37:81: error: ‘CS20’ undeclared (first use in this function)
  TCCR2A = (1<<COM2B1)|(1<<COM2B0)|(1<<WGM21)|(1<<WGM20)|(0<<CS22)|(0<<CS21)|(1<<CS20);
                                                                                 ^
../uartxchange.c:38:2: error: ‘TCCR2B’ undeclared (first use in this function)
  TCCR2B |= (0<<CS22)|(0<<CS21)|(1<<CS20);
  ^
../uartxchange.c:39:2: error: ‘OCR2B’ undeclared (first use in this function)
  OCR2B=128;
  ^
../uartxchange.c: In function ‘initIO’:
../uartxchange.c:45:2: error: ‘DDRD’ undeclared (first use in this function)
  DDRD |= (1<<DDD3);
  ^
../uartxchange.c:45:14: error: ‘DDD3’ undeclared (first use in this function)
  DDRD |= (1<<DDD3);
              ^
../uartxchange.c:46:5: error: ‘DDRB’ undeclared (first use in this function)
     DDRB = 0xff;
     ^
../uartxchange.c: In function ‘main’:
../uartxchange.c:54:3: warning: implicit declaration of function ‘uart_init’ [-Wimplicit-function-declaration]
   uart_init();
   ^
../uartxchange.c:58:5: error: unknown type name ‘uint8_t’
     uint8_t c;
     ^
../uartxchange.c:62:6: error: ‘PORTB’ undeclared (first use in this function)
      PORTB &= ~(1<<LED); // clear
      ^
../uartxchange.c:49:13: error: ‘PB5’ undeclared (first use in this function)
 #define LED PB5 // LED is on Pin 13 or Pin 5 of Port B
             ^
../uartxchange.c:62:20: note: in expansion of macro ‘LED’
      PORTB &= ~(1<<LED); // clear
                    ^
../uartxchange.c:66:2: error: ‘OCR2B’ undeclared (first use in this function)
  OCR2B = ~c;
  ^
../uartxchange.c: In function ‘uart_getc’:
../uartxchange.c:34:1: warning: control reaches end of non-void function [-Wreturn-type]
 }
 ^
make: *** [subdir.mk:23: uartxchange.o] Error 1
"make all" terminated with exit code 2. Build might be incomplete.
22:47:15 **** Incremental Build of configuration Release for project BlinkBlink ****
make all 
Building file: ../uartxchange.c
Invoking: AVR Compiler
avr-gcc -Wall -Os -fpack-struct -fshort-enums -ffunction-sections -fdata-sections -std=gnu99 -funsigned-char -funsigned-bitfields -mmcu=atmega328p -DF_CPU=16000000UL -MMD -MP -MF"uartxchange.d" -MT"uartxchange.o" -c -o "uartxchange.o" "../uartxchange.c"
Finished building: ../uartxchange.c
 
Building target: BlinkBlink.elf
Invoking: AVR C Linker
avr-gcc -Wl,-Map,BlinkBlink.map -mmcu=atmega328p -o "BlinkBlink.elf"  ./main.o ./uartxchange.o   
./uartxchange.o: In function `initIO':
uartxchange.c:(.text.initIO+0x0): multiple definition of `initIO'
./main.o:main.c:(.text.initIO+0x0): first defined here
./uartxchange.o: In function `main':
uartxchange.c:(.text.startup.main+0x0): multiple definition of `main'
./main.o:main.c:(.text.startup.main+0x0): first defined here
collect2: error: ld returned 1 exit status
make: *** [makefile:52: BlinkBlink.elf] Error 1
"make all" terminated with exit code 2. Build might be incomplete.
22:47:49 **** Incremental Build of configuration Release for project BlinkBlink ****
make all 
Building file: ../main.c
Invoking: AVR Compiler
avr-gcc -Wall -Os -fpack-struct -fshort-enums -ffunction-sections -fdata-sections -std=gnu99 -funsigned-char -funsigned-bitfields -mmcu=atmega328p -DF_CPU=16000000UL -MMD -MP -MF"main.d" -MT"main.o" -c -o "main.o" "../main.c"
../main.c:5:0: warning: "PB5" redefined
 #define PB5 5
 ^
In file included from /usr/lib/avr/include/avr/io.h:627:0,
                 from ../main.c:2:
/usr/lib/avr/include/avr/portpins.h:149:0: note: this is the location of the previous definition
 #  define PB5 PORTB5
 ^
Finished building: ../main.c
 
Building target: BlinkBlink.elf
Invoking: AVR C Linker
avr-gcc -Wl,-Map,BlinkBlink.map -mmcu=atmega328p -o "BlinkBlink.elf"  ./main.o ./uartxchange.o   
./uartxchange.o: In function `main':
uartxchange.c:(.text.startup.main+0x0): multiple definition of `main'
./main.o:main.c:(.text.startup.main+0x0): first defined here
collect2: error: ld returned 1 exit status
make: *** [makefile:52: BlinkBlink.elf] Error 1
"make all" terminated with exit code 2. Build might be incomplete.
22:49:04 **** Incremental Build of configuration Release for project BlinkBlink ****
make all 
Building file: ../main.c
Invoking: AVR Compiler
avr-gcc -Wall -Os -fpack-struct -fshort-enums -ffunction-sections -fdata-sections -std=gnu99 -funsigned-char -funsigned-bitfields -mmcu=atmega328p -DF_CPU=16000000UL -MMD -MP -MF"main.d" -MT"main.o" -c -o "main.o" "../main.c"
../main.c:5:0: warning: "PB5" redefined
 #define PB5 5
 ^
In file included from /usr/lib/avr/include/avr/io.h:627:0,
                 from ../main.c:2:
/usr/lib/avr/include/avr/portpins.h:149:0: note: this is the location of the previous definition
 #  define PB5 PORTB5
 ^
Finished building: ../main.c
 
Building target: BlinkBlink.elf
Invoking: AVR C Linker
avr-gcc -Wl,-Map,BlinkBlink.map -mmcu=atmega328p -o "BlinkBlink.elf"  ./main.o ./uartxchange.o   
Finished building target: BlinkBlink.elf
 
Invoking: AVR Create Extended Listing
avr-objdump -h -S BlinkBlink.elf  >"BlinkBlink.lss"
Finished building: BlinkBlink.lss
 
Create Flash image (ihex format)
avr-objcopy -R .eeprom -R .fuse -R .lock -R .signature -O ihex BlinkBlink.elf  "BlinkBlink.hex"
Finished building: BlinkBlink.hex
 
Create eeprom image (ihex format)
avr-objcopy -j .eeprom --no-change-warnings --change-section-lma .eeprom=0 -O ihex BlinkBlink.elf  "BlinkBlink.eep"
Finished building: BlinkBlink.eep
 
Invoking: Print Size
avr-size --format=avr --mcu=atmega328p BlinkBlink.elf
AVR Memory Usage
----------------
Device: atmega328p

Program:     300 bytes (0.9% Full)
(.text + .data + .bootloader)

Data:          0 bytes (0.0% Full)
(.data + .bss + .noinit)


Finished building: sizedummy
 
23:02:45 **** Incremental Build of configuration Release for project BlinkBlink ****
make all 
Building file: ../uartxchange.c
Invoking: AVR Compiler
avr-gcc -Wall -Os -fpack-struct -fshort-enums -ffunction-sections -fdata-sections -std=gnu99 -funsigned-char -funsigned-bitfields -mmcu=atmega328p -DF_CPU=16000000UL -MMD -MP -MF"uartxchange.d" -MT"uartxchange.o" -c -o "uartxchange.o" "../uartxchange.c"
Finished building: ../uartxchange.c
 
Building target: BlinkBlink.elf
Invoking: AVR C Linker
avr-gcc -Wl,-Map,BlinkBlink.map -mmcu=atmega328p -o "BlinkBlink.elf"  ./main.o ./uartxchange.o   
Finished building target: BlinkBlink.elf
 
Invoking: AVR Create Extended Listing
avr-objdump -h -S BlinkBlink.elf  >"BlinkBlink.lss"
Finished building: BlinkBlink.lss
 
Create Flash image (ihex format)
avr-objcopy -R .eeprom -R .fuse -R .lock -R .signature -O ihex BlinkBlink.elf  "BlinkBlink.hex"
Finished building: BlinkBlink.hex
 
Create eeprom image (ihex format)
avr-objcopy -j .eeprom --no-change-warnings --change-section-lma .eeprom=0 -O ihex BlinkBlink.elf  "BlinkBlink.eep"
Finished building: BlinkBlink.eep
 
Invoking: Print Size
avr-size --format=avr --mcu=atmega328p BlinkBlink.elf
AVR Memory Usage
----------------
Device: atmega328p

Program:     300 bytes (0.9% Full)
(.text + .data + .bootloader)

Data:          0 bytes (0.0% Full)
(.data + .bss + .noinit)


Finished building: sizedummy
 
23:35:53 **** Build of configuration Release for project BlinkBlink ****
make all 
Invoking: Print Size
avr-size --format=avr --mcu=atmega328p BlinkBlink.elf
AVR Memory Usage
----------------
Device: atmega328p

Program:     300 bytes (0.9% Full)
(.text + .data + .bootloader)

Data:          0 bytes (0.0% Full)
(.data + .bss + .noinit)


Finished building: sizedummy
 
23:37:44 **** Incremental Build of configuration Release for project BlinkBlink ****
make all 
Building file: ../uartxchange.c
Invoking: AVR Compiler
avr-gcc -Wall -Os -fpack-struct -fshort-enums -ffunction-sections -fdata-sections -std=gnu99 -funsigned-char -funsigned-bitfields -mmcu=atmega328p -DF_CPU=16000000UL -MMD -MP -MF"uartxchange.d" -MT"uartxchange.o" -c -o "uartxchange.o" "../uartxchange.c"
Finished building: ../uartxchange.c
 
Building target: BlinkBlink.elf
Invoking: AVR C Linker
avr-gcc -Wl,-Map,BlinkBlink.map -mmcu=atmega328p -o "BlinkBlink.elf"  ./main.o ./uartxchange.o   
Finished building target: BlinkBlink.elf
 
Invoking: AVR Create Extended Listing
avr-objdump -h -S BlinkBlink.elf  >"BlinkBlink.lss"
Finished building: BlinkBlink.lss
 
Create Flash image (ihex format)
avr-objcopy -R .eeprom -R .fuse -R .lock -R .signature -O ihex BlinkBlink.elf  "BlinkBlink.hex"
Finished building: BlinkBlink.hex
 
Create eeprom image (ihex format)
avr-objcopy -j .eeprom --no-change-warnings --change-section-lma .eeprom=0 -O ihex BlinkBlink.elf  "BlinkBlink.eep"
Finished building: BlinkBlink.eep
 
Invoking: Print Size
avr-size --format=avr --mcu=atmega328p BlinkBlink.elf
AVR Memory Usage
----------------
Device: atmega328p

Program:     300 bytes (0.9% Full)
(.text + .data + .bootloader)

Data:          0 bytes (0.0% Full)
(.data + .bss + .noinit)


Finished building: sizedummy
 
23:42:12 **** Incremental Build of configuration Release for project BlinkBlink ****
make all 
Invoking: Print Size
avr-size --format=avr --mcu=atmega328p BlinkBlink.elf
AVR Memory Usage
----------------
Device: atmega328p

Program:     300 bytes (0.9% Full)
(.text + .data + .bootloader)

Data:          0 bytes (0.0% Full)
(.data + .bss + .noinit)


Finished building: sizedummy
 
23:48:39 **** Incremental Build of configuration Release for project BlinkBlink ****
make all 
Invoking: Print Size
avr-size --format=avr --mcu=atmega328p BlinkBlink.elf
AVR Memory Usage
----------------
Device: atmega328p

Program:     300 bytes (0.9% Full)
(.text + .data + .bootloader)

Data:          0 bytes (0.0% Full)
(.data + .bss + .noinit)


Finished building: sizedummy
 
23:48:59 **** Incremental Build of configuration Release for project BlinkBlink ****
make all 
Invoking: Print Size
avr-size --format=avr --mcu=atmega328p BlinkBlink.elf
AVR Memory Usage
----------------
Device: atmega328p

Program:     300 bytes (0.9% Full)
(.text + .data + .bootloader)

Data:          0 bytes (0.0% Full)
(.data + .bss + .noinit)


Finished building: sizedummy
 
23:50:43 **** Incremental Build of configuration Release for project BlinkBlink ****
make all 
Invoking: Print Size
avr-size --format=avr --mcu=atmega328p BlinkBlink.elf
AVR Memory Usage
----------------
Device: atmega328p

Program:     300 bytes (0.9% Full)
(.text + .data + .bootloader)

Data:          0 bytes (0.0% Full)
(.data + .bss + .noinit)


Finished building: sizedummy
 
23:55:59 **** Incremental Build of configuration Release for project BlinkBlink ****
make all 
Invoking: Print Size
avr-size --format=avr --mcu=atmega328p BlinkBlink.elf
AVR Memory Usage
----------------
Device: atmega328p

Program:     300 bytes (0.9% Full)
(.text + .data + .bootloader)

Data:          0 bytes (0.0% Full)
(.data + .bss + .noinit)


Finished building: sizedummy
 
00:09:51 **** Incremental Build of configuration Release for project BlinkBlink ****
make all 
Building file: ../main.c
Invoking: AVR Compiler
avr-gcc -Wall -Os -fpack-struct -fshort-enums -ffunction-sections -fdata-sections -std=gnu99 -funsigned-char -funsigned-bitfields -mmcu=atmega328p -DF_CPU=16000000UL -MMD -MP -MF"main.d" -MT"main.o" -c -o "main.o" "../main.c"
../main.c:5:0: warning: "PB5" redefined
 #define PB5 5
 ^
In file included from /usr/lib/avr/include/avr/io.h:627:0,
                 from ../main.c:2:
/usr/lib/avr/include/avr/portpins.h:149:0: note: this is the location of the previous definition
 #  define PB5 PORTB5
 ^
Finished building: ../main.c
 
Building target: BlinkBlink.elf
Invoking: AVR C Linker
avr-gcc -Wl,-Map,BlinkBlink.map -mmcu=atmega328p -o "BlinkBlink.elf"  ./main.o ./uartxchange.o   
Finished building target: BlinkBlink.elf
 
Invoking: AVR Create Extended Listing
avr-objdump -h -S BlinkBlink.elf  >"BlinkBlink.lss"
Finished building: BlinkBlink.lss
 
Create Flash image (ihex format)
avr-objcopy -R .eeprom -R .fuse -R .lock -R .signature -O ihex BlinkBlink.elf  "BlinkBlink.hex"
Finished building: BlinkBlink.hex
 
Create eeprom image (ihex format)
avr-objcopy -j .eeprom --no-change-warnings --change-section-lma .eeprom=0 -O ihex BlinkBlink.elf  "BlinkBlink.eep"
Finished building: BlinkBlink.eep
 
Invoking: Print Size
avr-size --format=avr --mcu=atmega328p BlinkBlink.elf
AVR Memory Usage
----------------
Device: atmega328p

Program:     300 bytes (0.9% Full)
(.text + .data + .bootloader)

Data:          0 bytes (0.0% Full)
(.data + .bss + .noinit)


Finished building: sizedummy
 
12:59:07 **** Incremental Build of configuration Release for project BlinkBlink ****
make all 
Building file: ../.metadata/.plugins/org.eclipse.cdt.make.core/specs.c
Invoking: AVR Compiler
avr-gcc -Wall -Os -fpack-struct -fshort-enums -ffunction-sections -fdata-sections -std=gnu99 -funsigned-char -funsigned-bitfields -mmcu=atmega328p -DF_CPU=16000000UL -MMD -MP -MF".metadata/.plugins/org.eclipse.cdt.make.core/specs.d" -MT".metadata/.plugins/org.eclipse.cdt.make.core/specs.o" -c -o ".metadata/.plugins/org.eclipse.cdt.make.core/specs.o" "../.metadata/.plugins/org.eclipse.cdt.make.core/specs.c"
Finished building: ../.metadata/.plugins/org.eclipse.cdt.make.core/specs.c
 
Building file: ../main.c
Invoking: AVR Compiler
avr-gcc -Wall -Os -fpack-struct -fshort-enums -ffunction-sections -fdata-sections -std=gnu99 -funsigned-char -funsigned-bitfields -mmcu=atmega328p -DF_CPU=16000000UL -MMD -MP -MF"main.d" -MT"main.o" -c -o "main.o" "../main.c"
../main.c:5:0: warning: "PB5" redefined
 #define PB5 5
 ^
In file included from /usr/lib/avr/include/avr/io.h:627:0,
                 from ../main.c:2:
/usr/lib/avr/include/avr/portpins.h:149:0: note: this is the location of the previous definition
 #  define PB5 PORTB5
 ^
In file included from /usr/lib/avr/include/avr/io.h:99:0,
                 from ../main.c:2:
../main.c:43:1: error: expected identifier or ‘(’ before ‘volatile’
 OCR2B = ~c;
 ^
../main.c:43:1: error: expected ‘)’ before ‘(’ token
 OCR2B = ~c;
 ^
make: *** [subdir.mk:23: main.o] Error 1
"make all" terminated with exit code 2. Build might be incomplete.
12:59:28 **** Incremental Build of configuration Release for project BlinkBlink ****
make all 
Building file: ../main.c
Invoking: AVR Compiler
avr-gcc -Wall -Os -fpack-struct -fshort-enums -ffunction-sections -fdata-sections -std=gnu99 -funsigned-char -funsigned-bitfields -mmcu=atmega328p -DF_CPU=16000000UL -MMD -MP -MF"main.d" -MT"main.o" -c -o "main.o" "../main.c"
../main.c:5:0: warning: "PB5" redefined
 #define PB5 5
 ^
In file included from /usr/lib/avr/include/avr/io.h:627:0,
                 from ../main.c:2:
/usr/lib/avr/include/avr/portpins.h:149:0: note: this is the location of the previous definition
 #  define PB5 PORTB5
 ^
../main.c: In function ‘pwm_init’:
../main.c:43:11: error: ‘c’ undeclared (first use in this function)
  OCR2B = ~c;
           ^
../main.c:43:11: note: each undeclared identifier is reported only once for each function it appears in
make: *** [subdir.mk:23: main.o] Error 1
"make all" terminated with exit code 2. Build might be incomplete.
12:59:55 **** Incremental Build of configuration Release for project BlinkBlink ****
make all 
Building file: ../main.c
Invoking: AVR Compiler
avr-gcc -Wall -Os -fpack-struct -fshort-enums -ffunction-sections -fdata-sections -std=gnu99 -funsigned-char -funsigned-bitfields -mmcu=atmega328p -DF_CPU=16000000UL -MMD -MP -MF"main.d" -MT"main.o" -c -o "main.o" "../main.c"
../main.c:5:0: warning: "PB5" redefined
 #define PB5 5
 ^
In file included from /usr/lib/avr/include/avr/io.h:627:0,
                 from ../main.c:2:
/usr/lib/avr/include/avr/portpins.h:149:0: note: this is the location of the previous definition
 #  define PB5 PORTB5
 ^
Finished building: ../main.c
 
Building file: ../uartxchange.c
Invoking: AVR Compiler
avr-gcc -Wall -Os -fpack-struct -fshort-enums -ffunction-sections -fdata-sections -std=gnu99 -funsigned-char -funsigned-bitfields -mmcu=atmega328p -DF_CPU=16000000UL -MMD -MP -MF"uartxchange.d" -MT"uartxchange.o" -c -o "uartxchange.o" "../uartxchange.c"
../uartxchange.c: In function ‘main’:
../uartxchange.c:66:3: warning: implicit declaration of function ‘pwm_init’ [-Wimplicit-function-declaration]
   pwm_init();
   ^
Finished building: ../uartxchange.c
 
Building target: BlinkBlink.elf
Invoking: AVR C Linker
avr-gcc -Wl,-Map,BlinkBlink.map -mmcu=atmega328p -o "BlinkBlink.elf"  ./.metadata/.plugins/org.eclipse.cdt.make.core/specs.o  ./main.o ./uartxchange.o   
Finished building target: BlinkBlink.elf
 
Invoking: AVR Create Extended Listing
avr-objdump -h -S BlinkBlink.elf  >"BlinkBlink.lss"
Finished building: BlinkBlink.lss
 
Create Flash image (ihex format)
avr-objcopy -R .eeprom -R .fuse -R .lock -R .signature -O ihex BlinkBlink.elf  "BlinkBlink.hex"
Finished building: BlinkBlink.hex
 
Create eeprom image (ihex format)
avr-objcopy -j .eeprom --no-change-warnings --change-section-lma .eeprom=0 -O ihex BlinkBlink.elf  "BlinkBlink.eep"
Finished building: BlinkBlink.eep
 
Invoking: Print Size
avr-size --format=avr --mcu=atmega328p BlinkBlink.elf
AVR Memory Usage
----------------
Device: atmega328p

Program:     294 bytes (0.9% Full)
(.text + .data + .bootloader)

Data:          0 bytes (0.0% Full)
(.data + .bss + .noinit)


Finished building: sizedummy
 
